# JRE version: Java(TM) SE Runtime Environment 18.9 (11.0.15.1+2) (build 11.0.15.1+2-LTS-10)
# Java VM: Java HotSpot(TM) 64-Bit Server VM 18.9 (11.0.15.1+2-LTS-10, mixed mode, tiered, compressed oops, g1 gc, windows-amd64)
Heap:
 garbage-first heap   total 194560K, used 31423K [0x0000000743200000, 0x0000000800000000)
  region size 1024K, 24 young (24576K), 2 survivors (2048K)
 Metaspace       used 26039K, capacity 26654K, committed 26880K, reserved 1073152K
  class space    used 2947K, capacity 3214K, committed 3328K, reserved 1048576K
GC Heap History (6 events):
Event: 0.915 GC heap before
{Heap before GC invocations=0 (full 0):
 garbage-first heap   total 194560K, used 14336K [0x0000000743200000, 0x0000000800000000)
  region size 1024K, 14 young (14336K), 0 survivors (0K)
 Metaspace       used 9374K, capacity 9554K, committed 9728K, reserved 1058816K
  class space    used 861K, capacity 908K, committed 1024K, reserved 1048576K
}
Event: 0.938 GC heap after
{Heap after GC invocations=1 (full 0):
 garbage-first heap   total 194560K, used 6307K [0x0000000743200000, 0x0000000800000000)
  region size 1024K, 2 young (2048K), 2 survivors (2048K)
 Metaspace       used 9374K, capacity 9554K, committed 9728K, reserved 1058816K
  class space    used 861K, capacity 908K, committed 1024K, reserved 1048576K
}
Event: 2.576 GC heap before
{Heap before GC invocations=1 (full 0):
 garbage-first heap   total 194560K, used 55459K [0x0000000743200000, 0x0000000800000000)
  region size 1024K, 51 young (52224K), 2 survivors (2048K)
 Metaspace       used 20626K, capacity 21109K, committed 21248K, reserved 1069056K
  class space    used 2258K, capacity 2469K, committed 2560K, reserved 1048576K
}
Event: 2.589 GC heap after
{Heap after GC invocations=2 (full 0):
 garbage-first heap   total 194560K, used 8787K [0x0000000743200000, 0x0000000800000000)
  region size 1024K, 5 young (5120K), 5 survivors (5120K)
 Metaspace       used 20626K, capacity 21109K, committed 21248K, reserved 1069056K
  class space    used 2258K, capacity 2469K, committed 2560K, reserved 1048576K
}
Event: 3.149 GC heap before
{Heap before GC invocations=3 (full 0):
 garbage-first heap   total 194560K, used 33363K [0x0000000743200000, 0x0000000800000000)
  region size 1024K, 30 young (30720K), 5 survivors (5120K)
 Metaspace       used 24422K, capacity 25084K, committed 25344K, reserved 1071104K
  class space    used 2782K, capacity 3035K, committed 3072K, reserved 1048576K
}
Event: 3.162 GC heap after
{Heap after GC invocations=4 (full 0):
 garbage-first heap   total 194560K, used 9919K [0x0000000743200000, 0x0000000800000000)
  region size 1024K, 2 young (2048K), 2 survivors (2048K)
 Metaspace       used 24422K, capacity 25084K, committed 25344K, reserved 1071104K
  class space    used 2782K, capacity 3035K, committed 3072K, reserved 1048576K
}

