# JRE version: Java(TM) SE Runtime Environment 18.9 (11.0.15.1+2) (build 11.0.15.1+2-LTS-10)
# Java VM: Java HotSpot(TM) 64-Bit Server VM 18.9 (11.0.15.1+2-LTS-10, mixed mode, tiered, compressed oops, g1 gc, windows-amd64)
Heap:
 garbage-first heap   total 262144K, used 179712K [0x00000000e0000000, 0x0000000100000000)
  region size 1024K, 8 young (8192K), 6 survivors (6144K)
 Metaspace       used 86466K, capacity 89308K, committed 89472K, reserved 331776K
  class space    used 11005K, capacity 12048K, committed 12160K, reserved 253952K
GC Heap History (10 events):
Event: 346.035 GC heap before
{Heap before GC invocations=26 (full 0):
 garbage-first heap   total 262144K, used 221869K [0x00000000e0000000, 0x0000000100000000)
  region size 1024K, 63 young (64512K), 8 survivors (8192K)
 Metaspace       used 85144K, capacity 87832K, committed 87936K, reserved 331776K
  class space    used 10916K, capacity 11902K, committed 11904K, reserved 253952K
}
Event: 346.052 GC heap after
{Heap after GC invocations=27 (full 0):
 garbage-first heap   total 262144K, used 167038K [0x00000000e0000000, 0x0000000100000000)
  region size 1024K, 2 young (2048K), 2 survivors (2048K)
 Metaspace       used 85144K, capacity 87832K, committed 87936K, reserved 331776K
  class space    used 10916K, capacity 11902K, committed 11904K, reserved 253952K
}
Event: 347.141 GC heap before
{Heap before GC invocations=28 (full 0):
 garbage-first heap   total 262144K, used 221310K [0x00000000e0000000, 0x0000000100000000)
  region size 1024K, 56 young (57344K), 2 survivors (2048K)
 Metaspace       used 85282K, capacity 87978K, committed 88320K, reserved 331776K
  class space    used 10920K, capacity 11907K, committed 12032K, reserved 253952K
}
Event: 347.153 GC heap after
{Heap after GC invocations=29 (full 0):
 garbage-first heap   total 262144K, used 169799K [0x00000000e0000000, 0x0000000100000000)
  region size 1024K, 5 young (5120K), 5 survivors (5120K)
 Metaspace       used 85282K, capacity 87978K, committed 88320K, reserved 331776K
  class space    used 10920K, capacity 11907K, committed 12032K, reserved 253952K
}
Event: 347.667 GC heap before
{Heap before GC invocations=29 (full 0):
 garbage-first heap   total 262144K, used 223047K [0x00000000e0000000, 0x0000000100000000)
  region size 1024K, 57 young (58368K), 5 survivors (5120K)
 Metaspace       used 85300K, capacity 87978K, committed 88320K, reserved 331776K
  class space    used 10920K, capacity 11907K, committed 12032K, reserved 253952K
}
Event: 347.687 GC heap after
{Heap after GC invocations=30 (full 0):
 garbage-first heap   total 262144K, used 172976K [0x00000000e0000000, 0x0000000100000000)
  region size 1024K, 7 young (7168K), 7 survivors (7168K)
 Metaspace       used 85300K, capacity 87978K, committed 88320K, reserved 331776K
  class space    used 10920K, capacity 11907K, committed 12032K, reserved 253952K
}
Event: 348.521 GC heap before
{Heap before GC invocations=31 (full 0):
 garbage-first heap   total 262144K, used 224176K [0x00000000e0000000, 0x0000000100000000)
  region size 1024K, 57 young (58368K), 7 survivors (7168K)
 Metaspace       used 85405K, capacity 88170K, committed 88320K, reserved 331776K
  class space    used 10920K, capacity 11907K, committed 12032K, reserved 253952K
}
Event: 348.541 GC heap after
{Heap after GC invocations=32 (full 0):
 garbage-first heap   total 262144K, used 176522K [0x00000000e0000000, 0x0000000100000000)
  region size 1024K, 7 young (7168K), 7 survivors (7168K)
 Metaspace       used 85405K, capacity 88170K, committed 88320K, reserved 331776K
  class space    used 10920K, capacity 11907K, committed 12032K, reserved 253952K
}
Event: 350.285 GC heap before
{Heap before GC invocations=32 (full 0):
 garbage-first heap   total 262144K, used 225674K [0x00000000e0000000, 0x0000000100000000)
  region size 1024K, 55 young (56320K), 7 survivors (7168K)
 Metaspace       used 86396K, capacity 89242K, committed 89472K, reserved 331776K
  class space    used 10998K, capacity 12048K, committed 12160K, reserved 253952K
}
Event: 350.303 GC heap after
{Heap after GC invocations=33 (full 0):
 garbage-first heap   total 262144K, used 178688K [0x00000000e0000000, 0x0000000100000000)
  region size 1024K, 6 young (6144K), 6 survivors (6144K)
 Metaspace       used 86396K, capacity 89242K, committed 89472K, reserved 331776K
  class space    used 10998K, capacity 12048K, committed 12160K, reserved 253952K
}

